2023-12-19 02:12:385 INFO  StartPage :32 - clickOnStart: [[ChromeDriver: chrome on windows (72121181fdf8453eb62b5ffcbefc4ba8)] -> xpath: //a[@class='gem-c-button govuk-button govuk-button--start']]
2023-12-19 02:12:661 INFO  SelectNationalityPage :34 - checkCountryAvailable: [[ChromeDriver: chrome on windows (72121181fdf8453eb62b5ffcbefc4ba8)] -> id: response]
2023-12-19 02:12:534 INFO  StartPage :32 - clickOnStart: [[ChromeDriver: chrome on windows (64d5f82377e44fa420e56b376c65befd)] -> xpath: //a[@class='gem-c-button govuk-button govuk-button--start']]
2023-12-19 02:12:809 INFO  SelectNationalityPage :34 - checkCountryAvailable: [[ChromeDriver: chrome on windows (64d5f82377e44fa420e56b376c65befd)] -> id: response]
2023-12-19 02:12:104 INFO  StartPage :32 - clickOnStart: [[ChromeDriver: chrome on windows (c5d1dbdfb0fb694c1a4aa6032e548050)] -> xpath: //a[@class='gem-c-button govuk-button govuk-button--start']]
2023-12-19 02:12:380 INFO  SelectNationalityPage :34 - checkCountryAvailable: [[ChromeDriver: chrome on windows (c5d1dbdfb0fb694c1a4aa6032e548050)] -> id: response]
2023-12-19 02:12:781 INFO  StartPage :32 - clickOnStart: [[ChromeDriver: chrome on windows (bcd6740d270d7a28e63bc68965921466)] -> xpath: //a[@class='gem-c-button govuk-button govuk-button--start']]
2023-12-19 02:12:995 INFO  SelectNationalityPage :34 - checkCountryAvailable: [[ChromeDriver: chrome on windows (bcd6740d270d7a28e63bc68965921466)] -> id: response]
2023-12-19 02:12:873 INFO  StartPage :32 - clickOnStart: [[ChromeDriver: chrome on windows (d4064da037061972d9a9ba311df05833)] -> xpath: //a[@class='gem-c-button govuk-button govuk-button--start']]
2023-12-19 02:12:303 INFO  SelectNationalityPage :34 - checkCountryAvailable: [[ChromeDriver: chrome on windows (d4064da037061972d9a9ba311df05833)] -> id: response]
2023-12-19 02:12:255 INFO  StartPage :32 - clickOnStart: [[ChromeDriver: chrome on windows (2a000c595954746b0d2a8793112202b3)] -> xpath: //a[@class='gem-c-button govuk-button govuk-button--start']]
2023-12-19 02:12:572 INFO  SelectNationalityPage :34 - checkCountryAvailable: [[ChromeDriver: chrome on windows (2a000c595954746b0d2a8793112202b3)] -> id: response]
2023-12-19 02:12:932 INFO  StartPage :32 - clickOnStart: [[ChromeDriver: chrome on windows (928f6c4eabc65a7b6cef42dc2db632ac)] -> xpath: //a[@class='gem-c-button govuk-button govuk-button--start']]
2023-12-19 02:12:138 INFO  SelectNationalityPage :34 - checkCountryAvailable: [[ChromeDriver: chrome on windows (928f6c4eabc65a7b6cef42dc2db632ac)] -> id: response]
2023-12-19 02:12:413 INFO  StartPage :32 - clickOnStart: [[ChromeDriver: chrome on windows (23505cffc69a0deec925e79fdb0f6379)] -> xpath: //a[@class='gem-c-button govuk-button govuk-button--start']]
2023-12-19 02:12:630 INFO  SelectNationalityPage :34 - checkCountryAvailable: [[ChromeDriver: chrome on windows (23505cffc69a0deec925e79fdb0f6379)] -> id: response]
2023-12-19 02:12:32 INFO  StartPage :32 - clickOnStart: [[ChromeDriver: chrome on windows (1804e4fe60aae48cbc92ea54192a6edb)] -> xpath: //a[@class='gem-c-button govuk-button govuk-button--start']]
2023-12-19 02:12:278 INFO  SelectNationalityPage :34 - checkCountryAvailable: [[ChromeDriver: chrome on windows (1804e4fe60aae48cbc92ea54192a6edb)] -> id: response]
2023-12-19 02:12:802 INFO  StartPage :32 - clickOnStart: [[ChromeDriver: chrome on windows (8ece402abcb0a94847df98842bd7d45b)] -> xpath: //a[@class='gem-c-button govuk-button govuk-button--start']]
2023-12-19 02:12:57 INFO  SelectNationalityPage :34 - checkCountryAvailable: [[ChromeDriver: chrome on windows (8ece402abcb0a94847df98842bd7d45b)] -> id: response]
2023-12-19 02:12:470 INFO  StartPage :32 - clickOnStart: [[ChromeDriver: chrome on windows (8bb6be46a4f2c0612cb2016e3b3a632d)] -> xpath: //a[@class='gem-c-button govuk-button govuk-button--start']]
2023-12-19 02:12:39 INFO  ReasonForTravelPage :36 - selectReason [[ChromeDriver: chrome on windows (8bb6be46a4f2c0612cb2016e3b3a632d)] -> id: response-1]
2023-12-19 02:12:331 INFO  ReasonForTravelPage :57 - verifyText [[ChromeDriver: chrome on windows (8bb6be46a4f2c0612cb2016e3b3a632d)] -> xpath: //h2[normalize-space()='You will not need a visa to come to the UK']]
2023-12-19 02:12:441 INFO  StartPage :32 - clickOnStart: [[ChromeDriver: chrome on windows (68b02ea3d36b6c6d23885a4de957ec16)] -> xpath: //a[@class='gem-c-button govuk-button govuk-button--start']]
2023-12-19 02:12:03 INFO  ReasonForTravelPage :36 - selectReason [[ChromeDriver: chrome on windows (68b02ea3d36b6c6d23885a4de957ec16)] -> id: response-1]
2023-12-19 02:12:93 INFO  DurationOfStayPage :21 - selectIntentionToStay [[ChromeDriver: chrome on windows (68b02ea3d36b6c6d23885a4de957ec16)] -> id: response-1]
2023-12-19 02:12:375 INFO  WorkTypePage :30 - selectPlanningToWork: [[ChromeDriver: chrome on windows (68b02ea3d36b6c6d23885a4de957ec16)] -> id: response-0]
2023-12-19 02:12:651 INFO  WorkTypePage :40 - verifyTextVisaToWork: [[ChromeDriver: chrome on windows (68b02ea3d36b6c6d23885a4de957ec16)] -> css selector: body > div:nth-child(6) > div:nth-child(1) > main:nth-child(1) > div:nth-child(1) > div:nth-child(1) > div:nth-child(2) > div:nth-child(1) > h2:nth-child(1)]
2023-12-19 02:12:513 INFO  StartPage :32 - clickOnStart: [[ChromeDriver: chrome on windows (8303491c64caba5d9e3bfdd63b8fd1fb)] -> xpath: //a[@class='gem-c-button govuk-button govuk-button--start']]
2023-12-19 02:12:83 INFO  ReasonForTravelPage :36 - selectReason [[ChromeDriver: chrome on windows (8303491c64caba5d9e3bfdd63b8fd1fb)] -> id: response-1]
2023-12-19 02:12:647 INFO  StartPage :32 - clickOnStart: [[ChromeDriver: chrome on windows (04a2562c7d75f3698cc7f9b9c552a072)] -> xpath: //a[@class='gem-c-button govuk-button govuk-button--start']]
2023-12-19 02:12:873 INFO  SelectNationalityPage :34 - checkCountryAvailable: [[ChromeDriver: chrome on windows (04a2562c7d75f3698cc7f9b9c552a072)] -> id: response]
2023-12-19 02:12:479 INFO  StartPage :32 - clickOnStart: [[ChromeDriver: chrome on windows (edc90b710e0168abcd398c70d2923837)] -> xpath: //a[@class='gem-c-button govuk-button govuk-button--start']]
2023-12-19 02:12:677 INFO  SelectNationalityPage :34 - checkCountryAvailable: [[ChromeDriver: chrome on windows (edc90b710e0168abcd398c70d2923837)] -> id: response]
2023-12-19 02:12:84 INFO  StartPage :32 - clickOnStart: [[ChromeDriver: chrome on windows (880045d49925225d52a7b66f83ebb56d)] -> xpath: //a[@class='gem-c-button govuk-button govuk-button--start']]
2023-12-19 02:12:285 INFO  SelectNationalityPage :34 - checkCountryAvailable: [[ChromeDriver: chrome on windows (880045d49925225d52a7b66f83ebb56d)] -> id: response]
2023-12-19 02:12:603 INFO  StartPage :32 - clickOnStart: [[ChromeDriver: chrome on windows (bf7f775926f4101a2a0d5291062c756f)] -> xpath: //a[@class='gem-c-button govuk-button govuk-button--start']]
2023-12-19 02:12:809 INFO  SelectNationalityPage :34 - checkCountryAvailable: [[ChromeDriver: chrome on windows (bf7f775926f4101a2a0d5291062c756f)] -> id: response]
2023-12-19 02:12:189 INFO  StartPage :32 - clickOnStart: [[ChromeDriver: chrome on windows (b691191fc108f8416ad654fd80107113)] -> xpath: //a[@class='gem-c-button govuk-button govuk-button--start']]
2023-12-19 02:12:403 INFO  SelectNationalityPage :34 - checkCountryAvailable: [[ChromeDriver: chrome on windows (b691191fc108f8416ad654fd80107113)] -> id: response]
2023-12-19 02:12:903 INFO  StartPage :32 - clickOnStart: [[ChromeDriver: chrome on windows (6897ea72913312a0d1a235555fc29c2c)] -> xpath: //a[@class='gem-c-button govuk-button govuk-button--start']]
2023-12-19 02:12:132 INFO  SelectNationalityPage :34 - checkCountryAvailable: [[ChromeDriver: chrome on windows (6897ea72913312a0d1a235555fc29c2c)] -> id: response]
2023-12-19 02:12:332 INFO  StartPage :32 - clickOnStart: [[ChromeDriver: chrome on windows (8de4f9230ad2aa37eea388edb0fd7373)] -> xpath: //a[@class='gem-c-button govuk-button govuk-button--start']]
2023-12-19 02:12:520 INFO  SelectNationalityPage :34 - checkCountryAvailable: [[ChromeDriver: chrome on windows (8de4f9230ad2aa37eea388edb0fd7373)] -> id: response]
2023-12-19 02:12:698 INFO  StartPage :32 - clickOnStart: [[ChromeDriver: chrome on windows (7dc46932c2277a1bfd5804176856ddc7)] -> xpath: //a[@class='gem-c-button govuk-button govuk-button--start']]
2023-12-19 02:12:929 INFO  SelectNationalityPage :34 - checkCountryAvailable: [[ChromeDriver: chrome on windows (7dc46932c2277a1bfd5804176856ddc7)] -> id: response]
2023-12-19 02:12:291 INFO  StartPage :32 - clickOnStart: [[ChromeDriver: chrome on windows (a6a87147f3cc0dd3142d258387bd3946)] -> xpath: //a[@class='gem-c-button govuk-button govuk-button--start']]
2023-12-19 02:12:529 INFO  SelectNationalityPage :34 - checkCountryAvailable: [[ChromeDriver: chrome on windows (a6a87147f3cc0dd3142d258387bd3946)] -> id: response]
2023-12-19 02:12:782 INFO  StartPage :32 - clickOnStart: [[ChromeDriver: chrome on windows (9a5f7432873d178fe1143fb1c9cea663)] -> xpath: //a[@class='gem-c-button govuk-button govuk-button--start']]
2023-12-19 02:12:999 INFO  SelectNationalityPage :34 - checkCountryAvailable: [[ChromeDriver: chrome on windows (9a5f7432873d178fe1143fb1c9cea663)] -> id: response]
2023-12-19 02:12:632 INFO  StartPage :32 - clickOnStart: [[ChromeDriver: chrome on windows (a41133b927ac7f5cfdb4407cc2ff29a8)] -> xpath: //a[@class='gem-c-button govuk-button govuk-button--start']]
2023-12-19 02:12:195 INFO  ReasonForTravelPage :37 - selectReason [[ChromeDriver: chrome on windows (a41133b927ac7f5cfdb4407cc2ff29a8)] -> id: response-1]
2023-12-19 02:12:487 INFO  ReasonForTravelPage :58 - verifyText [[ChromeDriver: chrome on windows (a41133b927ac7f5cfdb4407cc2ff29a8)] -> xpath: //h2[normalize-space()='You will not need a visa to come to the UK']]
2023-12-19 02:12:447 INFO  StartPage :32 - clickOnStart: [[ChromeDriver: chrome on windows (a91138373a5c2a12380e473e7909f3ef)] -> xpath: //a[@class='gem-c-button govuk-button govuk-button--start']]
2023-12-19 02:12:901 INFO  ReasonForTravelPage :37 - selectReason [[ChromeDriver: chrome on windows (a91138373a5c2a12380e473e7909f3ef)] -> id: response-1]
2023-12-19 02:12:951 INFO  DurationOfStayPage :21 - selectIntentionToStay [[ChromeDriver: chrome on windows (a91138373a5c2a12380e473e7909f3ef)] -> id: response-1]
2023-12-19 02:12:194 INFO  WorkTypePage :30 - selectPlanningToWork: [[ChromeDriver: chrome on windows (a91138373a5c2a12380e473e7909f3ef)] -> id: response-0]
2023-12-19 02:12:499 INFO  WorkTypePage :40 - verifyTextVisaToWork: [[ChromeDriver: chrome on windows (a91138373a5c2a12380e473e7909f3ef)] -> css selector: body > div:nth-child(6) > div:nth-child(1) > main:nth-child(1) > div:nth-child(1) > div:nth-child(1) > div:nth-child(2) > div:nth-child(1) > h2:nth-child(1)]
2023-12-19 02:12:429 INFO  StartPage :32 - clickOnStart: [[ChromeDriver: chrome on windows (6567521532631b332666402e32c92a85)] -> xpath: //a[@class='gem-c-button govuk-button govuk-button--start']]
2023-12-19 02:12:895 INFO  ReasonForTravelPage :37 - selectReason [[ChromeDriver: chrome on windows (6567521532631b332666402e32c92a85)] -> id: response-1]
2023-12-19 02:12:740 INFO  StartPage :32 - clickOnStart: [[ChromeDriver: chrome on windows (ab9040011ac40f25882fdf6632e88e4c)] -> xpath: //a[@class='gem-c-button govuk-button govuk-button--start']]
2023-12-19 02:12:650 INFO  SelectNationalityPage :34 - checkCountryAvailable: [[ChromeDriver: chrome on windows (ab9040011ac40f25882fdf6632e88e4c)] -> id: response]
2023-12-19 02:12:605 INFO  StartPage :32 - clickOnStart: [[ChromeDriver: chrome on windows (03ebfd86f345dde112006917ca66fcec)] -> xpath: //a[@class='gem-c-button govuk-button govuk-button--start']]
2023-12-19 02:12:847 INFO  SelectNationalityPage :34 - checkCountryAvailable: [[ChromeDriver: chrome on windows (03ebfd86f345dde112006917ca66fcec)] -> id: response]
2023-12-19 02:12:60 INFO  StartPage :32 - clickOnStart: [[ChromeDriver: chrome on windows (0f41cb5efac685171d2f15f87f931dd9)] -> xpath: //a[@class='gem-c-button govuk-button govuk-button--start']]
2023-12-19 02:12:260 INFO  SelectNationalityPage :34 - checkCountryAvailable: [[ChromeDriver: chrome on windows (0f41cb5efac685171d2f15f87f931dd9)] -> id: response]
2023-12-19 02:12:569 INFO  StartPage :32 - clickOnStart: [[ChromeDriver: chrome on windows (570471ccd535c815ddefb0873676a2e1)] -> xpath: //a[@class='gem-c-button govuk-button govuk-button--start']]
2023-12-19 02:12:801 INFO  SelectNationalityPage :34 - checkCountryAvailable: [[ChromeDriver: chrome on windows (570471ccd535c815ddefb0873676a2e1)] -> id: response]
2023-12-19 02:12:29 INFO  StartPage :32 - clickOnStart: [[ChromeDriver: chrome on windows (cb038b037d2d61aa8a481686ee319fc1)] -> xpath: //a[@class='gem-c-button govuk-button govuk-button--start']]
2023-12-19 02:12:228 INFO  SelectNationalityPage :34 - checkCountryAvailable: [[ChromeDriver: chrome on windows (cb038b037d2d61aa8a481686ee319fc1)] -> id: response]
2023-12-19 02:12:462 INFO  StartPage :32 - clickOnStart: [[ChromeDriver: chrome on windows (802b8c6e07beeea9d4f582ab3127ce6b)] -> xpath: //a[@class='gem-c-button govuk-button govuk-button--start']]
2023-12-19 02:12:657 INFO  SelectNationalityPage :34 - checkCountryAvailable: [[ChromeDriver: chrome on windows (802b8c6e07beeea9d4f582ab3127ce6b)] -> id: response]
2023-12-19 02:12:717 INFO  StartPage :32 - clickOnStart: [[ChromeDriver: chrome on windows (6a49a7e656186382b75d86d0f6fb88da)] -> xpath: //a[@class='gem-c-button govuk-button govuk-button--start']]
2023-12-19 02:12:908 INFO  SelectNationalityPage :34 - checkCountryAvailable: [[ChromeDriver: chrome on windows (6a49a7e656186382b75d86d0f6fb88da)] -> id: response]
2023-12-19 02:12:82 INFO  StartPage :32 - clickOnStart: [[ChromeDriver: chrome on windows (1dab269d8f3b74bacfc1a4d5ab1bf948)] -> xpath: //a[@class='gem-c-button govuk-button govuk-button--start']]
2023-12-19 02:12:288 INFO  SelectNationalityPage :34 - checkCountryAvailable: [[ChromeDriver: chrome on windows (1dab269d8f3b74bacfc1a4d5ab1bf948)] -> id: response]
2023-12-19 02:12:532 INFO  StartPage :32 - clickOnStart: [[ChromeDriver: chrome on windows (7b4bed228cdebff5b340713788b99500)] -> xpath: //a[@class='gem-c-button govuk-button govuk-button--start']]
2023-12-19 02:12:736 INFO  SelectNationalityPage :34 - checkCountryAvailable: [[ChromeDriver: chrome on windows (7b4bed228cdebff5b340713788b99500)] -> id: response]
2023-12-19 02:12:824 INFO  StartPage :32 - clickOnStart: [[ChromeDriver: chrome on windows (21172fdeb2a6f8de941c5fc802757acd)] -> xpath: //a[@class='gem-c-button govuk-button govuk-button--start']]
2023-12-19 02:12:22 INFO  SelectNationalityPage :34 - checkCountryAvailable: [[ChromeDriver: chrome on windows (21172fdeb2a6f8de941c5fc802757acd)] -> id: response]
2023-12-19 02:12:301 INFO  StartPage :32 - clickOnStart: [[ChromeDriver: chrome on windows (81eb3600ef867ab360d280d967dcc0fd)] -> xpath: //a[@class='gem-c-button govuk-button govuk-button--start']]
2023-12-19 02:12:801 INFO  ReasonForTravelPage :37 - selectReason [[ChromeDriver: chrome on windows (81eb3600ef867ab360d280d967dcc0fd)] -> id: response-1]
2023-12-19 02:12:107 INFO  ReasonForTravelPage :58 - verifyText [[ChromeDriver: chrome on windows (81eb3600ef867ab360d280d967dcc0fd)] -> xpath: //h2[normalize-space()='You will not need a visa to come to the UK']]
2023-12-19 02:12:864 INFO  StartPage :32 - clickOnStart: [[ChromeDriver: chrome on windows (8955662272a146e75ec297081d46d68a)] -> xpath: //a[@class='gem-c-button govuk-button govuk-button--start']]
2023-12-19 02:12:522 INFO  ReasonForTravelPage :37 - selectReason [[ChromeDriver: chrome on windows (8955662272a146e75ec297081d46d68a)] -> id: response-1]
2023-12-19 02:12:577 INFO  DurationOfStayPage :21 - selectIntentionToStay [[ChromeDriver: chrome on windows (8955662272a146e75ec297081d46d68a)] -> id: response-1]
2023-12-19 02:12:792 INFO  WorkTypePage :30 - selectPlanningToWork: [[ChromeDriver: chrome on windows (8955662272a146e75ec297081d46d68a)] -> id: response-0]
2023-12-19 02:12:47 INFO  WorkTypePage :40 - verifyTextVisaToWork: [[ChromeDriver: chrome on windows (8955662272a146e75ec297081d46d68a)] -> css selector: body > div:nth-child(6) > div:nth-child(1) > main:nth-child(1) > div:nth-child(1) > div:nth-child(1) > div:nth-child(2) > div:nth-child(1) > h2:nth-child(1)]
2023-12-19 02:12:882 INFO  StartPage :32 - clickOnStart: [[ChromeDriver: chrome on windows (7f4d9d770052b57497163f66f238d954)] -> xpath: //a[@class='gem-c-button govuk-button govuk-button--start']]
2023-12-19 02:12:339 INFO  ReasonForTravelPage :37 - selectReason [[ChromeDriver: chrome on windows (7f4d9d770052b57497163f66f238d954)] -> id: response-1]
2023-12-19 02:12:638 INFO  WorkTypePage :45 - verifyYouMayNeedVisa: [[ChromeDriver: chrome on windows (7f4d9d770052b57497163f66f238d954)] -> css selector: body div[id='wrapper'] div[class='smart_answer'] main[id='content'] div[class='govuk-grid-row'] div[id='result-info'] div[data-flow-name='check-uk-visa'] div[class='govuk-!-margin-bottom-6'] h2:nth-child(1)]
